c:\users\administrator\desktop\vspro\ribbon\ribbon\x64\debug\saribbonapplicationbutton.obj
c:\users\administrator\desktop\vspro\ribbon\ribbon\x64\debug\saribbonbar.obj
c:\users\administrator\desktop\vspro\ribbon\ribbon\x64\debug\saribboncontextcategory.obj
c:\users\administrator\desktop\vspro\ribbon\ribbon\x64\debug\saribbondrawhelper.obj
c:\users\administrator\desktop\vspro\ribbon\ribbon\x64\debug\saribbongallerygroup.obj
c:\users\administrator\desktop\vspro\ribbon\ribbon\x64\debug\saribbonpanneloptionbutton.obj
c:\users\administrator\desktop\vspro\ribbon\ribbon\x64\debug\saribbonstackedwidget.obj
c:\users\administrator\desktop\vspro\ribbon\ribbon\x64\debug\qrc_ribbon.obj
c:\users\administrator\desktop\vspro\ribbon\ribbon\x64\debug\moc_ribbon.obj
c:\users\administrator\desktop\vspro\ribbon\ribbon\x64\debug\moc_saribbontabbar.obj
c:\users\administrator\desktop\vspro\ribbon\ribbon\x64\debug\moc_saribbonpanneloptionbutton.obj
c:\users\administrator\desktop\vspro\ribbon\ribbon\x64\debug\moc_saribbonlineedit.obj
c:\users\administrator\desktop\vspro\ribbon\ribbon\x64\debug\moc_saribboncontextcategory.obj
c:\users\administrator\desktop\vspro\ribbon\ribbon\x64\debug\framelesshelper.obj
c:\users\administrator\desktop\vspro\ribbon\ribbon\x64\debug\saribbonbuttongroupwidget.obj
c:\users\administrator\desktop\vspro\ribbon\ribbon\x64\debug\saribboncheckbox.obj
c:\users\administrator\desktop\vspro\ribbon\ribbon\x64\debug\saribbonctrlcontainer.obj
c:\users\administrator\desktop\vspro\ribbon\ribbon\x64\debug\saribbongalleryitem.obj
c:\users\administrator\desktop\vspro\ribbon\ribbon\x64\debug\saribbonmenu.obj
c:\users\administrator\desktop\vspro\ribbon\ribbon\x64\debug\saribbonseparatorwidget.obj
c:\users\administrator\desktop\vspro\ribbon\ribbon\x64\debug\sawindowbuttongroup.obj
c:\users\administrator\desktop\vspro\ribbon\ribbon\x64\debug\moc_saribbonbuttongroupwidget.obj
c:\users\administrator\desktop\vspro\ribbon\ribbon\x64\debug\moc_saribbonstackedwidget.obj
c:\users\administrator\desktop\vspro\ribbon\ribbon\x64\debug\moc_saribbonpannel.obj
c:\users\administrator\desktop\vspro\ribbon\ribbon\x64\debug\moc_saribbongallery.obj
c:\users\administrator\desktop\vspro\ribbon\ribbon\x64\debug\ribbon.obj
c:\users\administrator\desktop\vspro\ribbon\ribbon\x64\debug\saribboncategory.obj
c:\users\administrator\desktop\vspro\ribbon\ribbon\x64\debug\saribboncontrolbutton.obj
c:\users\administrator\desktop\vspro\ribbon\ribbon\x64\debug\saribbonelementmanager.obj
c:\users\administrator\desktop\vspro\ribbon\ribbon\x64\debug\saribbongallery.obj
c:\users\administrator\desktop\vspro\ribbon\ribbon\x64\debug\saribbonmainwindow.obj
c:\users\administrator\desktop\vspro\ribbon\ribbon\x64\debug\saribbonquickaccessbar.obj
c:\users\administrator\desktop\vspro\ribbon\ribbon\x64\debug\saribbontoolbutton.obj
c:\users\administrator\desktop\vspro\ribbon\ribbon\x64\debug\moc_saribbonapplicationbutton.obj
c:\users\administrator\desktop\vspro\ribbon\ribbon\x64\debug\moc_sawindowbuttongroup.obj
c:\users\administrator\desktop\vspro\ribbon\ribbon\x64\debug\moc_saribbonseparatorwidget.obj
c:\users\administrator\desktop\vspro\ribbon\ribbon\x64\debug\moc_saribbonmainwindow.obj
c:\users\administrator\desktop\vspro\ribbon\ribbon\x64\debug\moc_saribbonctrlcontainer.obj
c:\users\administrator\desktop\vspro\ribbon\ribbon\x64\debug\moc_saribboncombobox.obj
c:\users\administrator\desktop\vspro\ribbon\ribbon\x64\debug\main.obj
c:\users\administrator\desktop\vspro\ribbon\ribbon\x64\debug\saribboncategorylayout.obj
c:\users\administrator\desktop\vspro\ribbon\ribbon\x64\debug\saribboncombobox.obj
c:\users\administrator\desktop\vspro\ribbon\ribbon\x64\debug\saribbonelementcreatedelegate.obj
c:\users\administrator\desktop\vspro\ribbon\ribbon\x64\debug\saribbonlineedit.obj
c:\users\administrator\desktop\vspro\ribbon\ribbon\x64\debug\saribbonpannel.obj
c:\users\administrator\desktop\vspro\ribbon\ribbon\x64\debug\saribbontabbar.obj
c:\users\administrator\desktop\vspro\ribbon\ribbon\x64\debug\moc_framelesshelper.obj
c:\users\administrator\desktop\vspro\ribbon\ribbon\x64\debug\moc_saribbonbar.obj
c:\users\administrator\desktop\vspro\ribbon\ribbon\x64\debug\moc_saribbontoolbutton.obj
c:\users\administrator\desktop\vspro\ribbon\ribbon\x64\debug\moc_saribbonquickaccessbar.obj
c:\users\administrator\desktop\vspro\ribbon\ribbon\x64\debug\moc_saribbonmenu.obj
c:\users\administrator\desktop\vspro\ribbon\ribbon\x64\debug\moc_saribboncontrolbutton.obj
c:\users\administrator\desktop\vspro\ribbon\ribbon\x64\debug\moc_saribboncheckbox.obj
c:\users\administrator\desktop\vspro\ribbon\ribbon\x64\debug\moc_saribboncategory.obj
c:\users\administrator\desktop\vspro\ribbon\ribbon\x64\debug\moc_saribbongallerygroup.obj
c:\users\administrator\desktop\vspro\ribbon\ribbon\x64\debug\vc140.pdb
c:\users\administrator\desktop\vspro\ribbon\x64\debug\ribbon.ilk
c:\users\administrator\desktop\vspro\ribbon\x64\debug\ribbon.exe
c:\users\administrator\desktop\vspro\ribbon\x64\debug\ribbon.pdb
c:\users\administrator\desktop\vspro\ribbon\ribbon\.\generatedfiles\debug\moc_ribbon.cpp
c:\users\administrator\desktop\vspro\ribbon\ribbon\.\generatedfiles\debug\moc_framelesshelper.cpp
c:\users\administrator\desktop\vspro\ribbon\ribbon\.\generatedfiles\debug\moc_saribbonapplicationbutton.cpp
c:\users\administrator\desktop\vspro\ribbon\ribbon\.\generatedfiles\debug\moc_saribbonbar.cpp
c:\users\administrator\desktop\vspro\ribbon\ribbon\.\generatedfiles\debug\moc_saribbonbuttongroupwidget.cpp
c:\users\administrator\desktop\vspro\ribbon\ribbon\.\generatedfiles\debug\moc_saribboncategory.cpp
c:\users\administrator\desktop\vspro\ribbon\ribbon\.\generatedfiles\debug\moc_sawindowbuttongroup.cpp
c:\users\administrator\desktop\vspro\ribbon\ribbon\.\generatedfiles\debug\moc_saribbontoolbutton.cpp
c:\users\administrator\desktop\vspro\ribbon\ribbon\.\generatedfiles\debug\moc_saribbontabbar.cpp
c:\users\administrator\desktop\vspro\ribbon\ribbon\.\generatedfiles\debug\moc_saribbonstackedwidget.cpp
c:\users\administrator\desktop\vspro\ribbon\ribbon\.\generatedfiles\debug\moc_saribbonseparatorwidget.cpp
c:\users\administrator\desktop\vspro\ribbon\ribbon\.\generatedfiles\debug\moc_saribbonquickaccessbar.cpp
c:\users\administrator\desktop\vspro\ribbon\ribbon\.\generatedfiles\debug\moc_saribbonpanneloptionbutton.cpp
c:\users\administrator\desktop\vspro\ribbon\ribbon\.\generatedfiles\debug\moc_saribbonpannel.cpp
c:\users\administrator\desktop\vspro\ribbon\ribbon\.\generatedfiles\debug\moc_saribbonmenu.cpp
c:\users\administrator\desktop\vspro\ribbon\ribbon\.\generatedfiles\debug\moc_saribbonmainwindow.cpp
c:\users\administrator\desktop\vspro\ribbon\ribbon\.\generatedfiles\debug\moc_saribbonlineedit.cpp
c:\users\administrator\desktop\vspro\ribbon\ribbon\.\generatedfiles\debug\moc_saribbongallerygroup.cpp
c:\users\administrator\desktop\vspro\ribbon\ribbon\.\generatedfiles\debug\moc_saribbongallery.cpp
c:\users\administrator\desktop\vspro\ribbon\ribbon\.\generatedfiles\debug\moc_saribbonctrlcontainer.cpp
c:\users\administrator\desktop\vspro\ribbon\ribbon\.\generatedfiles\debug\moc_saribboncontrolbutton.cpp
c:\users\administrator\desktop\vspro\ribbon\ribbon\.\generatedfiles\debug\moc_saribboncontextcategory.cpp
c:\users\administrator\desktop\vspro\ribbon\ribbon\.\generatedfiles\debug\moc_saribboncombobox.cpp
c:\users\administrator\desktop\vspro\ribbon\ribbon\.\generatedfiles\debug\moc_saribboncheckbox.cpp
c:\users\administrator\desktop\vspro\ribbon\ribbon\.\generatedfiles\qrc_ribbon.cpp
c:\users\administrator\desktop\vspro\ribbon\ribbon\generatedfiles\ui_ribbon.h
c:\users\administrator\desktop\vspro\ribbon\ribbon\generatedfiles\qrc_ribbon.cpp
c:\users\administrator\desktop\vspro\ribbon\ribbon\generatedfiles\debug\moc_ribbon.cpp
c:\users\administrator\desktop\vspro\ribbon\ribbon\generatedfiles\debug\moc_framelesshelper.cpp
c:\users\administrator\desktop\vspro\ribbon\ribbon\generatedfiles\debug\moc_saribbonapplicationbutton.cpp
c:\users\administrator\desktop\vspro\ribbon\ribbon\generatedfiles\debug\moc_saribbonbar.cpp
c:\users\administrator\desktop\vspro\ribbon\ribbon\generatedfiles\debug\moc_saribbonbuttongroupwidget.cpp
c:\users\administrator\desktop\vspro\ribbon\ribbon\generatedfiles\debug\moc_saribboncategory.cpp
c:\users\administrator\desktop\vspro\ribbon\ribbon\generatedfiles\debug\moc_sawindowbuttongroup.cpp
c:\users\administrator\desktop\vspro\ribbon\ribbon\generatedfiles\debug\moc_saribbontoolbutton.cpp
c:\users\administrator\desktop\vspro\ribbon\ribbon\generatedfiles\debug\moc_saribbontabbar.cpp
c:\users\administrator\desktop\vspro\ribbon\ribbon\generatedfiles\debug\moc_saribbonstackedwidget.cpp
c:\users\administrator\desktop\vspro\ribbon\ribbon\generatedfiles\debug\moc_saribbonseparatorwidget.cpp
c:\users\administrator\desktop\vspro\ribbon\ribbon\generatedfiles\debug\moc_saribbonquickaccessbar.cpp
c:\users\administrator\desktop\vspro\ribbon\ribbon\generatedfiles\debug\moc_saribbonpanneloptionbutton.cpp
c:\users\administrator\desktop\vspro\ribbon\ribbon\generatedfiles\debug\moc_saribbonpannel.cpp
c:\users\administrator\desktop\vspro\ribbon\ribbon\generatedfiles\debug\moc_saribbonmenu.cpp
c:\users\administrator\desktop\vspro\ribbon\ribbon\generatedfiles\debug\moc_saribbonmainwindow.cpp
c:\users\administrator\desktop\vspro\ribbon\ribbon\generatedfiles\debug\moc_saribbonlineedit.cpp
c:\users\administrator\desktop\vspro\ribbon\ribbon\generatedfiles\debug\moc_saribbongallerygroup.cpp
c:\users\administrator\desktop\vspro\ribbon\ribbon\generatedfiles\debug\moc_saribbongallery.cpp
c:\users\administrator\desktop\vspro\ribbon\ribbon\generatedfiles\debug\moc_saribbonctrlcontainer.cpp
c:\users\administrator\desktop\vspro\ribbon\ribbon\generatedfiles\debug\moc_saribboncontrolbutton.cpp
c:\users\administrator\desktop\vspro\ribbon\ribbon\generatedfiles\debug\moc_saribboncontextcategory.cpp
c:\users\administrator\desktop\vspro\ribbon\ribbon\generatedfiles\debug\moc_saribboncombobox.cpp
c:\users\administrator\desktop\vspro\ribbon\ribbon\generatedfiles\debug\moc_saribboncheckbox.cpp
c:\users\administrator\desktop\vspro\ribbon\ribbon\.\generatedfiles\ui_ribbon.h
c:\users\administrator\desktop\vspro\ribbon\ribbon\x64\debug\ribbon.tlog\cl.command.1.tlog
c:\users\administrator\desktop\vspro\ribbon\ribbon\x64\debug\ribbon.tlog\cl.read.1.tlog
c:\users\administrator\desktop\vspro\ribbon\ribbon\x64\debug\ribbon.tlog\cl.write.1.tlog
c:\users\administrator\desktop\vspro\ribbon\ribbon\x64\debug\ribbon.tlog\link.command.1.tlog
c:\users\administrator\desktop\vspro\ribbon\ribbon\x64\debug\ribbon.tlog\link.read.1.tlog
c:\users\administrator\desktop\vspro\ribbon\ribbon\x64\debug\ribbon.tlog\link.write.1.tlog
c:\users\administrator\desktop\vspro\ribbon\ribbon\x64\debug\ribbon.tlog\moc.read.1u.tlog
c:\users\administrator\desktop\vspro\ribbon\ribbon\x64\debug\ribbon.tlog\moc.write.1u.tlog
c:\users\administrator\desktop\vspro\ribbon\ribbon\x64\debug\ribbon.tlog\rcc.read.1u.tlog
c:\users\administrator\desktop\vspro\ribbon\ribbon\x64\debug\ribbon.tlog\rcc.write.1u.tlog
c:\users\administrator\desktop\vspro\ribbon\ribbon\x64\debug\ribbon.tlog\ribbon.write.1u.tlog
c:\users\administrator\desktop\vspro\ribbon\ribbon\x64\debug\ribbon.tlog\uic.read.1u.tlog
c:\users\administrator\desktop\vspro\ribbon\ribbon\x64\debug\ribbon.tlog\uic.write.1u.tlog
